[2025-06-02 22:36:38] Fixed file: shop.php
[2025-06-02 22:36:38] Fixed file: register.php
[2025-06-02 22:36:38] Fixed file: profile.php
[2025-06-02 22:36:38] Fixed file: product.php
[2025-06-02 22:36:38] Fixed file: order.php
[2025-06-02 22:36:38] Fixed file: order-details.php
[2025-06-02 22:36:38] Fixed file: login.php
[2025-06-02 22:36:38] Fixed file: includes/header.php
[2025-06-02 22:36:38] Fixed file: checkout.php
[2025-06-02 22:36:38] Fixed file: cart.php
[2025-06-02 22:36:38] Fixed file: ajax/wishlist.php
[2025-06-02 22:36:38] Fixed file: ajax/cart.php
[2025-06-02 22:36:38] Fixed file: admin/orders.php
[2025-06-02 22:36:38] Fixed file: admin/order-detail.php
[2025-06-02 22:36:38] Fixed file: admin/login.php
[2025-06-02 22:36:38] Fixed file: admin/index.php
[2025-06-02 22:36:38] Database include fix completed. Check the log file for details.
[2025-06-02 22:38:52] No database.php include found in shop.php
[2025-06-02 22:38:52] No database.php include found in register.php
[2025-06-02 22:38:52] No database.php include found in profile.php
[2025-06-02 22:38:52] No database.php include found in product.php
[2025-06-02 22:38:52] No database.php include found in order.php
[2025-06-02 22:38:52] No database.php include found in order-details.php
[2025-06-02 22:38:52] No database.php include found in login.php
[2025-06-02 22:38:52] No database.php include found in includes/header.php
[2025-06-02 22:38:52] No database.php include found in checkout.php
[2025-06-02 22:38:52] No database.php include found in cart.php
[2025-06-02 22:38:52] No database.php include found in ajax/wishlist.php
[2025-06-02 22:38:52] No database.php include found in ajax/cart.php
[2025-06-02 22:38:52] No database.php include found in admin/orders.php
[2025-06-02 22:38:52] No database.php include found in admin/order-detail.php
[2025-06-02 22:38:52] No database.php include found in admin/login.php
[2025-06-02 22:38:52] No database.php include found in admin/index.php
[2025-06-02 22:38:52] Database include fix completed. Check the log file for details.
