[2025-06-03 00:34:08] [INFO] Connected to database
[2025-06-03 00:34:08] [INFO] Starting to seed users...
[2025-06-03 00:35:20] [INFO] Connected to database
[2025-06-03 00:35:20] [INFO] Starting to seed users...
[2025-06-03 00:35:23] [INFO] Connected to database
[2025-06-03 00:35:23] [INFO] Starting to seed users...
[2025-06-03 00:35:24] [INFO] Connected to database
[2025-06-03 00:35:24] [INFO] Starting to seed users...
[2025-06-03 00:35:28] [INFO] Connected to database
[2025-06-03 00:35:28] [INFO] Starting to seed users...
[2025-06-03 00:36:13] [INFO] Connected to database
[2025-06-03 00:36:13] [INFO] Starting to seed users...
[2025-06-03 00:36:44] [INFO] Connected to database
[2025-06-03 00:36:44] [INFO] Starting to seed users...
[2025-06-03 00:36:46] [INFO] Created 20 new users
[2025-06-03 00:36:46] [INFO] Starting to seed categories...
[2025-06-03 00:36:46] [INFO] Created 7 new categories
[2025-06-03 00:36:46] [INFO] Starting to seed sizes...
[2025-06-03 00:36:46] [INFO] Created 8 new sizes
[2025-06-03 00:36:46] [INFO] Starting to seed colors...
[2025-06-03 00:36:46] [INFO] Created 10 new colors
[2025-06-03 00:36:46] [INFO] Starting to seed products...
[2025-06-03 00:36:46] [INFO] Created 50 new products
[2025-06-03 00:36:46] [INFO] Starting to seed orders...
[2025-06-03 00:36:47] [INFO] Created 30 new orders
[2025-06-03 00:36:47] [SUCCESS] Database seeding completed successfully in 2.29 seconds
[2025-06-03 00:36:47] [SUCCESS] Created: 20 users, 7 categories, 8 sizes, 10 colors, 50 products, 30 orders
[2025-06-03 00:36:49] [INFO] Connected to database
[2025-06-03 00:36:49] [INFO] Starting to seed users...
[2025-06-03 00:36:49] [INFO] Created 0 new users
[2025-06-03 00:36:49] [INFO] Starting to seed categories...
[2025-06-03 00:36:49] [INFO] Created 0 new categories
[2025-06-03 00:36:49] [INFO] Starting to seed sizes...
[2025-06-03 00:36:49] [INFO] Created 0 new sizes
[2025-06-03 00:36:49] [INFO] Starting to seed colors...
[2025-06-03 00:36:49] [INFO] Created 0 new colors
[2025-06-03 00:36:49] [INFO] Starting to seed products...
[2025-06-03 00:36:50] [INFO] Created 50 new products
[2025-06-03 00:36:50] [INFO] Starting to seed orders...
[2025-06-03 00:36:50] [INFO] Created 30 new orders
[2025-06-03 00:36:50] [SUCCESS] Database seeding completed successfully in 0.83 seconds
[2025-06-03 00:36:50] [SUCCESS] Created: 0 users, 0 categories, 0 sizes, 0 colors, 50 products, 30 orders
[2025-06-03 00:45:08] [INFO] Connected to database
[2025-06-03 00:45:08] [INFO] Starting to seed users...
[2025-06-03 00:45:09] [INFO] Created 20 new users
[2025-06-03 00:45:09] [INFO] Starting to seed categories...
[2025-06-03 00:45:09] [INFO] Created 7 new categories
[2025-06-03 00:45:09] [INFO] Starting to seed sizes...
[2025-06-03 00:45:09] [INFO] Created 8 new sizes
[2025-06-03 00:45:09] [INFO] Starting to seed colors...
[2025-06-03 00:45:09] [INFO] Created 10 new colors
[2025-06-03 00:45:09] [INFO] Starting to seed products...
[2025-06-03 00:45:09] [INFO] Created 50 new products
[2025-06-03 00:45:09] [INFO] Starting to seed orders...
[2025-06-03 00:45:09] [INFO] Created 30 new orders
[2025-06-03 00:45:09] [SUCCESS] Database seeding completed successfully in 1.77 seconds
[2025-06-03 00:45:09] [SUCCESS] Created: 20 users, 7 categories, 8 sizes, 10 colors, 50 products, 30 orders
